[debug] [2024-05-24T12:14:54.806Z] ----------------------------------------------------------------------
[debug] [2024-05-24T12:14:54.809Z] Command:       C:\Program Files\nodejs\node.exe C:\Users\Husnain\AppData\Roaming\npm\node_modules\firebase-tools\lib\bin\firebase.js init
[debug] [2024-05-24T12:14:54.809Z] CLI Version:   13.10.0
[debug] [2024-05-24T12:14:54.810Z] Platform:      win32
[debug] [2024-05-24T12:14:54.810Z] Node Version:  v21.6.1
[debug] [2024-05-24T12:14:54.810Z] Time:          Fri May 24 2024 17:14:54 GMT+0500 (Pakistan Standard Time)
[debug] [2024-05-24T12:14:54.810Z] ----------------------------------------------------------------------
[debug] 
[debug] [2024-05-24T12:14:54.934Z] > command requires scopes: ["email","openid","https://www.googleapis.com/auth/cloudplatformprojects.readonly","https://www.googleapis.com/auth/firebase","https://www.googleapis.com/auth/cloud-platform"]
[debug] [2024-05-24T12:14:54.934Z] > authorizing via signed-in user (bukharisb55@gmail.com)
[info] 
     ######## #### ########  ######## ########     ###     ######  ########
     ##        ##  ##     ## ##       ##     ##  ##   ##  ##       ##
     ######    ##  ########  ######   ########  #########  ######  ######
     ##        ##  ##    ##  ##       ##     ## ##     ##       ## ##
     ##       #### ##     ## ######## ########  ##     ##  ######  ########

You're about to initialize a Firebase project in this directory:

  E:\react js 6 pack prac\chatapp

Before we get started, keep in mind:

  * You are initializing within an existing Firebase project directory

[info] 
=== Project Setup
[info] 
[info] First, let's associate this project directory with a Firebase project.
[info] You can create multiple project aliases by running firebase use --add, 
[info] but for now we'll just set up a default project.
[info] 
[debug] [2024-05-24T12:14:59.588Z] Using project from CLI flag: bukharisbchat
[debug] [2024-05-24T12:14:59.591Z] >>> [apiv2][query] GET https://firebase.googleapis.com/v1beta1/projects/bukharisbchat [none]
[debug] [2024-05-24T12:15:00.235Z] <<< [apiv2][status] GET https://firebase.googleapis.com/v1beta1/projects/bukharisbchat 200
[debug] [2024-05-24T12:15:00.235Z] <<< [apiv2][body] GET https://firebase.googleapis.com/v1beta1/projects/bukharisbchat {"projectId":"bukharisbchat","projectNumber":"1028462078746","displayName":"bukharisbchat","name":"projects/bukharisbchat","resources":{"hostingSite":"bukharisbchat"},"state":"ACTIVE","etag":"1_35aa6ef8-f651-46ff-818c-ad39e0f96f3d"}
[info] i  Using project bukharisbchat (bukharisbchat) 
[info] 
=== Hosting Setup
[debug] [2024-05-24T12:15:00.242Z] >>> [apiv2][query] GET https://firebase.googleapis.com/v1beta1/projects/bukharisbchat [none]
[debug] [2024-05-24T12:15:00.580Z] <<< [apiv2][status] GET https://firebase.googleapis.com/v1beta1/projects/bukharisbchat 200
[debug] [2024-05-24T12:15:00.581Z] <<< [apiv2][body] GET https://firebase.googleapis.com/v1beta1/projects/bukharisbchat {"projectId":"bukharisbchat","projectNumber":"1028462078746","displayName":"bukharisbchat","name":"projects/bukharisbchat","resources":{"hostingSite":"bukharisbchat"},"state":"ACTIVE","etag":"1_35aa6ef8-f651-46ff-818c-ad39e0f96f3d"}
[info] 
[info] Your public directory is the folder (relative to your project directory) that
[info] will contain Hosting assets to be uploaded with firebase deploy. If you
[info] have a build process for your assets, use your build's output directory.
[info] 
[debug] [2024-05-24T12:15:17.642Z] >>> [apiv2][query] GET https://www.gstatic.com/firebasejs/releases.json [none]
[debug] [2024-05-24T12:15:17.953Z] <<< [apiv2][status] GET https://www.gstatic.com/firebasejs/releases.json 200
[debug] [2024-05-24T12:15:17.953Z] <<< [apiv2][body] GET https://www.gstatic.com/firebasejs/releases.json {"current":{"version":"10.12.1","browserURL":"https://www.gstatic.com/firebasejs/10.12.1/firebase.js","packageURL":"https://www.gstatic.com/firebasejs/10.12.1/firebase.tgz"},"live":{"version":"10.12","browserURL":"https://www.gstatic.com/firebasejs/live/10.12/firebase.js","packageURL":"https://www.gstatic.com/firebasejs/live/10.12/firebase.tgz"},"components":{"analytics":"https://www.gstatic.com/firebasejs/10.12.1/firebase-analytics.js","app":"https://www.gstatic.com/firebasejs/10.12.1/firebase-app.js","app-check":"https://www.gstatic.com/firebasejs/10.12.1/firebase-app-check.js","auth":"https://www.gstatic.com/firebasejs/10.12.1/firebase-auth.js","auth/cordova":"https://www.gstatic.com/firebasejs/10.12.1/firebase-auth/cordova.js","auth/web-extension":"https://www.gstatic.com/firebasejs/10.12.1/firebase-auth/web-extension.js","functions":"https://www.gstatic.com/firebasejs/10.12.1/firebase-functions.js","firestore":"https://www.gstatic.com/firebasejs/10.12.1/firebase-firestore.js","firestore/lite":"https://www.gstatic.com/firebasejs/10.12.1/firebase-firestore/lite.js","installations":"https://www.gstatic.com/firebasejs/10.12.1/firebase-installations.js","storage":"https://www.gstatic.com/firebasejs/10.12.1/firebase-storage.js","performance":"https://www.gstatic.com/firebasejs/10.12.1/firebase-performance.js","remote-config":"https://www.gstatic.com/firebasejs/10.12.1/firebase-remote-config.js","messaging":"https://www.gstatic.com/firebasejs/10.12.1/firebase-messaging.js","messaging/sw":"https://www.gstatic.com/firebasejs/10.12.1/firebase-messaging/sw.js","database":"https://www.gstatic.com/firebasejs/10.12.1/firebase-database.js","vertexai-preview":"https://www.gstatic.com/firebasejs/10.12.1/firebase-vertexai-preview.js","firestore.memory":"https://www.gstatic.com/firebasejs/10.12.1/firebase-firestore.memory.js"}}
[info] +  Wrote yes/index.html 
[info] 
[info] i  Didn't detect a .git folder. Assuming E:\react js 6 pack prac\chatapp is the project root. 
[info] i  Authorizing with GitHub to upload your service account to a GitHub repository's secrets store. 
[info] 
[info] Visit this URL on this device to log in:
[info] https://github.com/login/oauth/authorize?client_id=89cf50f02ac6aaed3484&state=600314098&redirect_uri=http%3A%2F%2Flocalhost%3A9005&scope=read%3Auser%20repo%20public_repo
[info] 
[info] Waiting for authentication...
